2023-12-18 02:21:34,193 - INFO - Creating LabelEncoder...
2023-12-18 02:21:34,193 - INFO - Creating LabelEncoder...
2023-12-18 02:21:34,225 - INFO - Creating LabelEncoder...
2023-12-18 02:21:43,763 - INFO - Creating LabelEncoder...
2023-12-18 02:21:43,823 - INFO - Train directory has 8 classes, Test directory has 8 classes. Directories are balanced.
2023-12-18 02:21:43,823 - INFO - Model weights file 'C:\Users\AK\Projects\proj-skin-disease-analysis\proj_dock\app\models\resnet50_skin_disease_classification_model_weights.h5' already exists. Skipping training.
2023-12-18 02:21:45,541 - INFO - Creating LabelEncoder...
2023-12-18 02:21:46,593 - INFO - Creating LabelEncoder...
2023-12-18 02:21:46,633 - INFO - Train directory has 8 classes, Test directory has 8 classes. Directories are balanced.
2023-12-18 02:21:46,656 - INFO - Training skin disease classification model resnet50 ...
2023-12-18 02:28:22,284 - INFO - Creating LabelEncoder...
2023-12-18 02:28:22,296 - INFO - Creating LabelEncoder...
2023-12-18 02:28:24,276 - INFO - Creating LabelEncoder...
2023-12-18 02:28:34,248 - INFO - Creating LabelEncoder...
2023-12-18 02:28:36,956 - INFO - Creating LabelEncoder...
2023-12-18 02:29:00,450 - INFO - Creating LabelEncoder...
2023-12-18 02:29:01,501 - INFO - Creating LabelEncoder...
2023-12-18 02:29:45,249 - INFO - Creating LabelEncoder...
2023-12-18 02:29:45,249 - INFO - Creating LabelEncoder...
2023-12-18 02:29:47,798 - INFO - Creating LabelEncoder...
2023-12-18 02:29:47,798 - INFO - Creating LabelEncoder...
2023-12-18 02:32:12,820 - INFO - Creating LabelEncoder...
2023-12-18 02:32:12,820 - INFO - Creating LabelEncoder...
2023-12-18 02:32:12,820 - INFO - Creating LabelEncoder...
2023-12-18 02:32:17,515 - INFO - Creating LabelEncoder...
2023-12-18 02:32:17,515 - INFO - Creating LabelEncoder...
2023-12-18 02:32:17,515 - INFO - Creating LabelEncoder...
2023-12-18 02:32:17,570 - INFO - Train directory has 8 classes, Test directory has 8 classes. Directories are balanced.
2023-12-18 02:32:17,570 - INFO - Train directory has 8 classes, Test directory has 8 classes. Directories are balanced.
2023-12-18 02:32:17,570 - INFO - Train directory has 8 classes, Test directory has 8 classes. Directories are balanced.
2023-12-18 02:32:17,570 - INFO - Training skin disease classification model resnet50 ...
2023-12-18 02:32:17,570 - INFO - Training skin disease classification model resnet50 ...
2023-12-18 02:32:17,570 - INFO - Training skin disease classification model resnet50 ...
2023-12-18 02:38:32,028 - INFO - Creating LabelEncoder...
2023-12-18 02:38:51,112 - INFO - Creating LabelEncoder...
2023-12-18 02:38:51,161 - INFO - Train directory has 8 classes, Test directory has 8 classes. Directories are balanced.
2023-12-18 02:38:51,161 - INFO - Model weights file 'C:\Users\AK\Projects\proj-skin-disease-analysis\proj_dock\app\models\mobilenetv2_skin_disease_classification_model_weights.h5' already exists. Skipping training.
2023-12-18 02:39:00,365 - INFO - Evaluation completed. Confusion matrix saved to 'confusion_matrix_mobilenetv2.png'.
2023-12-18 02:39:00,365 - INFO - Time taken for evaluation: 6.90 seconds
2023-12-18 02:39:15,092 - INFO - Creating LabelEncoder...
2023-12-18 02:39:17,428 - INFO - Creating LabelEncoder...
2023-12-18 02:39:17,469 - INFO - Train directory has 8 classes, Test directory has 8 classes. Directories are balanced.
2023-12-18 02:39:17,469 - INFO - Training skin disease classification model mobilenetv2 ...
2023-12-18 02:39:23,343 - INFO - Creating LabelEncoder...
2023-12-18 02:43:28,730 - INFO - Creating LabelEncoder...
2023-12-18 02:43:33,088 - INFO - Creating LabelEncoder...
2023-12-18 02:43:33,138 - INFO - Train directory has 8 classes, Test directory has 8 classes. Directories are balanced.
2023-12-18 02:43:33,138 - INFO - Training skin disease classification model mobilenetv2 ...
2023-12-18 02:44:19,648 - INFO - Creating LabelEncoder...
2023-12-18 02:49:05,649 - INFO - Creating LabelEncoder...
2023-12-18 02:49:15,447 - INFO - Creating LabelEncoder...
2023-12-18 02:49:17,015 - INFO - Creating LabelEncoder...
2023-12-18 02:49:17,066 - INFO - Train directory has 8 classes, Test directory has 8 classes. Directories are balanced.
2023-12-18 02:49:17,066 - INFO - Training skin disease classification model mobilenetv2 ...
2023-12-18 02:50:59,217 - ERROR - Error during training: 'Event' object has no attribute 'set_model'
2023-12-18 02:51:06,993 - INFO - Evaluation completed. Confusion matrix saved to 'confusion_matrix_mobilenetv2.png'.
2023-12-18 02:51:06,993 - INFO - Time taken for evaluation: 6.59 seconds
2023-12-18 02:56:00,097 - INFO - Creating LabelEncoder...
2023-12-18 02:56:04,351 - INFO - Creating LabelEncoder...
2023-12-18 02:56:04,403 - INFO - Train directory has 8 classes, Test directory has 8 classes. Directories are balanced.
2023-12-18 02:56:04,403 - INFO - Model weights file 'C:\Users\AK\Projects\proj-skin-disease-analysis\proj_dock\app\models\mobilenetv2_skin_disease_classification_model_weights.h5' already exists. Skipping training.
2023-12-18 02:56:09,209 - INFO - Creating LabelEncoder...
2023-12-18 02:56:11,545 - INFO - Creating LabelEncoder...
2023-12-18 02:56:11,593 - INFO - Train directory has 8 classes, Test directory has 8 classes. Directories are balanced.
2023-12-18 02:56:11,593 - INFO - Training skin disease classification model mobilenetv2 ...
2023-12-18 02:57:59,805 - ERROR - Error during training: name 'condition' is not defined
2023-12-18 02:58:07,126 - INFO - Evaluation completed. Confusion matrix saved to 'confusion_matrix_mobilenetv2.png'.
2023-12-18 02:58:07,126 - INFO - Time taken for evaluation: 6.23 seconds
2023-12-18 02:59:41,225 - INFO - Creating LabelEncoder...
2023-12-18 02:59:46,696 - INFO - Creating LabelEncoder...
2023-12-18 02:59:46,744 - INFO - Train directory has 8 classes, Test directory has 8 classes. Directories are balanced.
2023-12-18 02:59:46,744 - INFO - Model weights file 'C:\Users\AK\Projects\proj-skin-disease-analysis\proj_dock\app\models\mobilenetv2_skin_disease_classification_model_weights.h5' already exists. Skipping training.
2023-12-18 02:59:50,851 - INFO - Creating LabelEncoder...
2023-12-18 02:59:52,684 - INFO - Creating LabelEncoder...
2023-12-18 02:59:52,725 - INFO - Train directory has 8 classes, Test directory has 8 classes. Directories are balanced.
2023-12-18 02:59:52,725 - INFO - Training skin disease classification model mobilenetv2 ...
2023-12-18 03:17:26,672 - INFO - Creating LabelEncoder...
